Traceback (most recent call last):
  File "/home/conda/hytest/f9b85f69-1756479041-247-pangeo/lib/python3.11/site-packages/jupyter_core/utils/__init__.py", line 154, in wrapped
    asyncio.get_running_loop()
RuntimeError: no running event loop

During handling of the above exception, another exception occurred:

Traceback (most recent call last):
  File "/home/conda/hytest/f9b85f69-1756479041-247-pangeo/lib/python3.11/site-packages/jupyter_cache/executors/utils.py", line 58, in single_nb_execution
    executenb(
  File "/home/conda/hytest/f9b85f69-1756479041-247-pangeo/lib/python3.11/site-packages/nbclient/client.py", line 1319, in execute
    return NotebookClient(nb=nb, resources=resources, km=km, **kwargs).execute()
           ^^^^^^^^^^^^^^^^^^^^^^^^^^^^^^^^^^^^^^^^^^^^^^^^^^^^^^^^^^^^^^^^^^^^^
  File "/home/conda/hytest/f9b85f69-1756479041-247-pangeo/lib/python3.11/site-packages/jupyter_core/utils/__init__.py", line 158, in wrapped
    return loop.run_until_complete(inner)
           ^^^^^^^^^^^^^^^^^^^^^^^^^^^^^^
  File "/home/conda/hytest/f9b85f69-1756479041-247-pangeo/lib/python3.11/asyncio/base_events.py", line 654, in run_until_complete
    return future.result()
           ^^^^^^^^^^^^^^^
  File "/home/conda/hytest/f9b85f69-1756479041-247-pangeo/lib/python3.11/site-packages/nbclient/client.py", line 709, in async_execute
    await self.async_execute_cell(
  File "/home/conda/hytest/f9b85f69-1756479041-247-pangeo/lib/python3.11/site-packages/nbclient/client.py", line 1062, in async_execute_cell
    await self._check_raise_for_error(cell, cell_index, exec_reply)
  File "/home/conda/hytest/f9b85f69-1756479041-247-pangeo/lib/python3.11/site-packages/nbclient/client.py", line 918, in _check_raise_for_error
    raise CellExecutionError.from_cell_and_msg(cell, exec_reply_content)
nbclient.exceptions.CellExecutionError: An error occurred while executing the following cell:
------------------
if Version(zarr.__version__) < Version("3.0.0"):
    conus404 = xr.open_dataset(
        asset.href,
        storage_options=asset.extra_fields['xarray:storage_options'],
        **asset.extra_fields['xarray:open_kwargs']
    )
else:
    conus404 = xr.open_dataset(
    asset.href,
    storage_options=asset.extra_fields['xarray:storage_options'],
    **asset.extra_fields['xarray:open_kwargs'],
    zarr_format=2
    )

# Include the crs as we will need it later
conus404 = conus404[['PREC_ACC_NC', 'crs']]
conus404
------------------


[31mNameError[39m[31m:[39m name 'zarr' is not defined


